<?xml version="1.0" encoding="UTF-8"?>
<!-- Generated by org.testng.reporters.JUnitXMLReporter -->
<testsuite hostname="Maani" ignored="4" name="Amazon WebSite Test" tests="3" failures="0" timestamp="2021-05-28T20:01:39 IST" time="174.75" errors="0">
  <testcase name="downloadAmazonApp" time="13.05" classname="com.htc.amazon.test.VerifyDownloadTheAmazonAppTest"/>
  <testcase name="amazonCareers" time="16.678" classname="com.htc.amazon.test.AmzonCareersTest"/>
  <testcase name="RemovingItemFromCart" time="50.817" classname="com.htc.amazon.test.RemovingAItemFromTheCart"/>
  <testcase name="@BeforeSuite loadProptiesFile" time="0.0" classname="com.htc.amazon.base.TestBase">
    <ignored/>
  </testcase> <!-- @BeforeSuite loadProptiesFile -->
  <testcase name="@BeforeSuite loadProptiesFile" time="0.0" classname="com.htc.amazon.base.TestBase">
    <ignored/>
  </testcase> <!-- @BeforeSuite loadProptiesFile -->
  <testcase name="@AfterSuite tearDownSuiteLevel" time="0.0" classname="com.htc.amazon.base.TestBase">
    <ignored/>
  </testcase> <!-- @AfterSuite tearDownSuiteLevel -->
  <testcase name="@AfterSuite tearDownSuiteLevel" time="0.0" classname="com.htc.amazon.base.TestBase">
    <ignored/>
  </testcase> <!-- @AfterSuite tearDownSuiteLevel -->
</testsuite> <!-- Amazon WebSite Test -->
